<?xml version="1.0" encoding="UTF-8"?>
<!-- Generated by org.testng.reporters.JUnitReportReporter -->
<testsuite hostname="Asus-PC" failures="0" tests="1" name="org.TestNg.Example1" time="12.354" errors="0" timestamp="2021-04-14T13:20:12 IST" skipped="0">
  <testcase classname="org.TestNg.Example1" name="testTwo" time="12.354"/>
  <system-out/>
</testsuite> <!-- org.TestNg.Example1 -->
